<?xml version="1.0" encoding="UTF-8"?>
<testng-results ignored="0" total="1" passed="1" failed="0" skipped="0">
  <reporter-output>
  </reporter-output>
  <suite started-at="2021-08-29T06:03:41Z" name="Default suite" finished-at="2021-08-29T06:04:45Z" duration-ms="63769">
    <groups>
    </groups>
    <test started-at="2021-08-29T06:03:41Z" name="Default test" finished-at="2021-08-29T06:04:45Z" duration-ms="63769">
      <class name="excelreading.poi">
        <test-method signature="f()[pri:0, instance:excelreading.poi@ae3540e]" started-at="2021-08-29T11:33:41Z" name="f" finished-at="2021-08-29T11:34:44Z" duration-ms="62610" status="PASS">
          <reporter-output>
          </reporter-output>
        </test-method> <!-- f -->
        <test-method is-config="true" signature="t()[pri:0, instance:excelreading.poi@ae3540e]" started-at="2021-08-29T11:34:44Z" name="t" finished-at="2021-08-29T11:34:45Z" duration-ms="1100" status="PASS">
          <reporter-output>
          </reporter-output>
        </test-method> <!-- t -->
      </class> <!-- excelreading.poi -->
    </test> <!-- Default test -->
  </suite> <!-- Default suite -->
</testng-results>
